<?xml version="1.0" encoding="UTF-8"?>
<!-- Generated by org.testng.reporters.JUnitReportReporter -->
<testsuite skipped="0" hostname="Ishans-MBP" name="com.dd.testcases.LoginTest" tests="2" failures="0" timestamp="2022-01-27T21:02:00 EST" time="11.395" errors="0">
  <testcase name="loginPageTitleTest" time="5.596" classname="com.dd.testcases.LoginTest"/>
  <system-out/>
  <testcase name="loginTest" time="5.799" classname="com.dd.testcases.LoginTest"/>
  <system-out/>
</testsuite> <!-- com.dd.testcases.LoginTest -->
