<?xml version="1.0" encoding="UTF-8"?>
<!-- Generated by org.testng.reporters.JUnitReportReporter -->
<testsuite skipped="0" hostname="Shristys-Air" name="com.dd.testcases.LoginTest" tests="2" failures="0" timestamp="2021-09-28T14:46:02 EDT" time="27.252" errors="0">
  <testcase name="loginPageTitleTest" time="12.420" classname="com.dd.testcases.LoginTest"/>
  <system-out/>
  <testcase name="loginTest" time="14.832" classname="com.dd.testcases.LoginTest"/>
  <system-out/>
</testsuite> <!-- com.dd.testcases.LoginTest -->
