<?xml version="1.0" encoding="UTF-8"?>
<!-- Generated by org.testng.reporters.JUnitReportReporter -->
<testsuite skipped="0" hostname="Ishans-MBP" name="com.dd.testcases.ContactsPageTest" tests="2" failures="0" timestamp="2022-01-27T21:02:00 EST" time="14.308" errors="0">
  <testcase name="verifyContactsPageLabelTest" time="6.842" classname="com.dd.testcases.ContactsPageTest"/>
  <system-out/>
  <testcase name="selectContactsTest" time="7.466" classname="com.dd.testcases.ContactsPageTest"/>
  <system-out/>
</testsuite> <!-- com.dd.testcases.ContactsPageTest -->
