<?xml version="1.0" encoding="UTF-8"?>
<!-- Generated by org.testng.reporters.JUnitReportReporter -->
<testsuite skipped="0" hostname="Ishans-MBP" name="com.dd.testcases.HomePageTest" tests="3" failures="0" timestamp="2022-01-27T21:02:00 EST" time="20.398" errors="0">
  <testcase name="verifyHomePageTest" time="6.250" classname="com.dd.testcases.HomePageTest"/>
  <system-out/>
  <testcase name="verifyUserNameTes" time="7.491" classname="com.dd.testcases.HomePageTest"/>
  <system-out/>
  <testcase name="verifyContactsLinkTest" time="6.657" classname="com.dd.testcases.HomePageTest"/>
  <system-out/>
</testsuite> <!-- com.dd.testcases.HomePageTest -->
